#
# A fatal error has been detected by the Java Runtime Environment:
#
#  Internal Error (nmethod.cpp:1836), pid=3960, tid=6508
#  Error: guarantee(cont_offset != 0,"unhandled implicit exception in compiled code")
#
# JRE version: 6.0_17-b04
# Java VM: Java HotSpot(TM) 64-Bit Server VM (14.3-b01 mixed mode windows-amd64 )
# If you would like to submit a bug report, please visit:
#   http://java.sun.com/webapps/bugreport/crash.jsp
#

---------------  T H R E A D  ---------------

Current thread (0x0000000057873800):  JavaThread "Main message loop" daemon [_thread_in_Java, id=6508, stack(0x0000000104000000,0x0000000108000000)]

Stack: [0x0000000104000000,0x0000000108000000]
[error occurred during error reporting (printing stack bounds), id 0xe0000000]


[error occurred during error reporting (printing native stack), id 0xc0000005]


---------------  P R O C E S S  ---------------

Java Threads: ( => current thread )
  0x0000000057875000 JavaThread "Browser Events Thread" daemon [_thread_blocked, id=6940, stack(0x0000000019db0000,0x000000001ddb0000)]
=>0x0000000057873800 JavaThread "Main message loop" daemon [_thread_in_Java, id=6508, stack(0x0000000104000000,0x0000000108000000)]
  0x0000000057876800 JavaThread "Browser Events Thread" daemon [_thread_blocked, id=7088, stack(0x0000000138000000,0x000000013c000000)]
  0x0000000057872000 JavaThread "Main message loop" daemon [_thread_in_native, id=3492, stack(0x0000000023dc0000,0x0000000027dc0000)]
  0x000000005786d000 JavaThread "Code Analyzer updating thread" [_thread_blocked, id=6472, stack(0x000000001dfb0000,0x0000000021fb0000)]
  0x0000000057871800 JavaThread "Code Analyzer updating thread" [_thread_blocked, id=6316, stack(0x0000000011570000,0x0000000015570000)]
  0x0000000062eee800 JavaThread "Code Analyzer updating thread" [_thread_blocked, id=7028, stack(0x0000000110000000,0x0000000114000000)]
  0x0000000062eed000 JavaThread "Prefs Updater" daemon [_thread_blocked, id=7024, stack(0x00000000ec000000,0x00000000f0000000)]
  0x000000005786e800 JavaThread "Swing-Shell" daemon [_thread_blocked, id=6384, stack(0x000000011c000000,0x0000000120000000)]
  0x0000000062eed800 JavaThread "Timer-2" daemon [_thread_blocked, id=3076, stack(0x0000000134000000,0x0000000138000000)]
  0x0000000062eec000 JavaThread "com.jniwrapper.NativeResourceCollector" daemon [_thread_blocked, id=5184, stack(0x0000000128000000,0x000000012c000000)]
  0x0000000057870800 JavaThread "Active Reference Queue Daemon" daemon [_thread_blocked, id=3596, stack(0x0000000100000000,0x0000000104000000)]
  0x000000005786f800 JavaThread "Timer-1" daemon [_thread_blocked, id=2324, stack(0x00000000fc000000,0x0000000100000000)]
  0x0000000057870000 JavaThread "ClipboardMonitor Timer" daemon [_thread_blocked, id=5088, stack(0x00000000f8000000,0x00000000fc000000)]
  0x000000005786e000 JavaThread "Explorer NavigationContext request queue" daemon [_thread_blocked, id=3128, stack(0x00000000f0000000,0x00000000f4000000)]
  0x000000005786c800 JavaThread "AddressBar directory emptiness poller" daemon [_thread_blocked, id=2876, stack(0x00000000e8000000,0x00000000ec000000)]
  0x000000005786b800 JavaThread "Explorer Refresh Service 137880095" daemon [_thread_blocked, id=5260, stack(0x00000000e4000000,0x00000000e8000000)]
  0x000000005786b000 JavaThread "Thread-4" daemon [_thread_blocked, id=2440, stack(0x00000000e0000000,0x00000000e4000000)]
  0x0000000057869800 JavaThread "TimerQueue" daemon [_thread_blocked, id=3740, stack(0x00000000d8000000,0x00000000dc000000)]
  0x0000000057869000 JavaThread "Thread-3" daemon [_thread_blocked, id=5404, stack(0x00000000c8000000,0x00000000cc000000)]
  0x0000000057868000 JavaThread "FelixPackageAdmin" daemon [_thread_blocked, id=3104, stack(0x00000000d4000000,0x00000000d8000000)]
  0x0000000057b7d000 JavaThread "FelixStartLevel" daemon [_thread_blocked, id=4636, stack(0x00000000d0000000,0x00000000d4000000)]
  0x0000000057b80000 JavaThread "FelixDispatchQueue" daemon [_thread_blocked, id=3784, stack(0x00000000cc000000,0x00000000d0000000)]
  0x00000000575bb000 JavaThread "AWT-EventQueue-0" [_thread_blocked, id=3908, stack(0x00000000c4000000,0x00000000c8000000)]
  0x00000000570b5800 JavaThread "AWT-Shutdown" [_thread_blocked, id=5284, stack(0x00000000b4000000,0x00000000b8000000)]
  0x00000000571f8000 JavaThread "com.google.common.base.internal.Finalizer" daemon [_thread_blocked, id=5392, stack(0x00000000c0000000,0x00000000c4000000)]
  0x00000000571f7000 JavaThread "AWT-Windows" daemon [_thread_in_native, id=1052, stack(0x00000000b8000000,0x00000000bc000000)]
  0x000000005708b800 JavaThread "Java2D Disposer" daemon [_thread_blocked, id=3636, stack(0x00000000b0000000,0x00000000b4000000)]
  0x000000003e525000 JavaThread "Timer-0" [_thread_blocked, id=5532, stack(0x00000000ac000000,0x00000000b0000000)]
  0x000000003e527000 JavaThread "EventMgr Dispatcher" daemon [_thread_in_native, id=3068, stack(0x00000000a8000000,0x00000000ac000000)]
  0x000000003e39a000 JavaThread "Low Memory Detector" daemon [_thread_blocked, id=3016, stack(0x00000000a0000000,0x00000000a4000000)]
  0x000000003e393800 JavaThread "CompilerThread1" daemon [_thread_blocked, id=2436, stack(0x000000009c000000,0x00000000a0000000)]
  0x000000003e391000 JavaThread "CompilerThread0" daemon [_thread_blocked, id=2468, stack(0x0000000098000000,0x000000009c000000)]
  0x000000003e387000 JavaThread "Attach Listener" daemon [_thread_blocked, id=4492, stack(0x0000000094000000,0x0000000098000000)]
  0x000000003e32a800 JavaThread "Finalizer" daemon [_thread_blocked, id=3040, stack(0x0000000090000000,0x0000000094000000)]
  0x000000003e32a000 JavaThread "Reference Handler" daemon [_thread_blocked, id=5608, stack(0x000000008c000000,0x0000000090000000)]
  0x0000000006576000 JavaThread "main" [_thread_in_native, id=1672, stack(0x0000000000030000,0x0000000004030000)]

Other Threads:
  0x000000003e325800 VMThread [stack: 0x0000000088000000,0x000000008c000000] [id=4548]
  0x000000003e3b3000 WatcherThread [stack: 0x00000000a4000000,0x00000000a8000000] [id=5228]

VM state:not at safepoint (normal execution)

VM Mutex/Monitor currently owned by a thread: None

Heap
 PSYoungGen      total 31104K, used 14159K [0x0000000053630000, 0x0000000055a60000, 0x0000000056730000)
  eden space 26816K, 44% used [0x0000000053630000,0x00000000541baec8,0x0000000055060000)
  from space 4288K, 54% used [0x0000000055630000,0x0000000055879030,0x0000000055a60000)
  to   space 5120K, 0% used [0x0000000055060000,0x0000000055060000,0x0000000055560000)
 PSOldGen        total 92992K, used 73361K [0x000000004a330000, 0x000000004fe00000, 0x0000000053630000)
  object space 92992K, 78% used [0x000000004a330000,0x000000004ead4520,0x000000004fe00000)
 PSPermGen       total 131072K, used 79999K [0x0000000042330000, 0x000000004a330000, 0x000000004a330000)
  object space 131072K, 61% used [0x0000000042330000,0x000000004714fd58,0x000000004a330000)

Dynamic libraries:
0x0000000140000000 - 0x0000000140028000 	C:\Program Files\MATLAB\R2013a\bin\win64\MATLAB.exe
0x0000000077aa0000 - 0x0000000077c48000 	C:\Windows\SYSTEM32\ntdll.dll
0x0000000077980000 - 0x0000000077a9f000 	C:\Windows\system32\kernel32.dll
0x000007fefdc00000 - 0x000007fefdc6c000 	C:\Windows\system32\KERNELBASE.dll
0x0000000074460000 - 0x0000000074515000 	C:\Program Files\MATLAB\R2013a\bin\win64\libut.dll
0x00000000758a0000 - 0x000000007595f000 	C:\Program Files\MATLAB\R2013a\bin\win64\libmwi18n.dll
0x0000000180000000 - 0x000000018000d000 	C:\Program Files\MATLAB\R2013a\bin\win64\libmwresource_core.dll
0x000000005a760000 - 0x000000005a7f8000 	C:\Program Files\MATLAB\R2013a\bin\win64\MSVCP100.dll
0x000000005ca10000 - 0x000000005cae2000 	C:\Program Files\MATLAB\R2013a\bin\win64\MSVCR100.dll
0x0000000073a40000 - 0x0000000073a4e000 	C:\Program Files\MATLAB\R2013a\bin\win64\boost_date_time-vc100-mt-1_49.dll
0x0000000064640000 - 0x000000006466c000 	C:\Program Files\MATLAB\R2013a\bin\win64\boost_filesystem-vc100-mt-1_49.dll
0x0000000073a50000 - 0x0000000073a59000 	C:\Program Files\MATLAB\R2013a\bin\win64\boost_system-vc100-mt-1_49.dll
0x000007feff6a0000 - 0x000007feff77b000 	C:\Windows\system32\ADVAPI32.dll
0x000007fefe550000 - 0x000007fefe5ef000 	C:\Windows\system32\msvcrt.dll
0x000007feff600000 - 0x000007feff61f000 	C:\Windows\SYSTEM32\sechost.dll
0x000007fefe1b0000 - 0x000007fefe2dd000 	C:\Windows\system32\RPCRT4.dll
0x00000000647c0000 - 0x00000000647e5000 	C:\Program Files\MATLAB\R2013a\bin\win64\LIBEXPAT.dll
0x000000005a5d0000 - 0x000000005a75a000 	C:\Program Files\MATLAB\R2013a\bin\win64\icuin49.dll
0x00000000599b0000 - 0x0000000059aee000 	C:\Program Files\MATLAB\R2013a\bin\win64\icuuc49.dll
0x0000000058880000 - 0x00000000599a2000 	C:\Program Files\MATLAB\R2013a\bin\win64\icudt49.dll
0x000000006e050000 - 0x000000006e060000 	C:\Program Files\MATLAB\R2013a\bin\win64\icuio49.dll
0x0000000073f70000 - 0x0000000074112000 	C:\Program Files\MATLAB\R2013a\bin\win64\libmwfl.dll
0x000000007a350000 - 0x000000007a737000 	C:\Program Files\MATLAB\R2013a\bin\win64\libmwMATLAB_res.dll
0x000000005a200000 - 0x000000005a2df000 	C:\Program Files\MATLAB\R2013a\bin\win64\boost_regex-vc100-mt-1_49.dll
0x0000000077880000 - 0x000000007797a000 	C:\Windows\system32\USER32.dll
0x000007feff620000 - 0x000007feff687000 	C:\Windows\system32\GDI32.dll
0x000007feff690000 - 0x000007feff69e000 	C:\Windows\system32\LPK.dll
0x000007feffb10000 - 0x000007feffbd9000 	C:\Windows\system32\USP10.dll
0x000000005a5b0000 - 0x000000005a5c1000 	C:\Program Files\MATLAB\R2013a\bin\win64\boost_signals-vc100-mt-1_49.dll
0x00000000650e0000 - 0x00000000650f1000 	C:\Program Files\MATLAB\R2013a\bin\win64\boost_thread-vc100-mt-1_49.dll
0x000007fef8680000 - 0x000007fef870c000 	C:\Program Files\MATLAB\R2013a\bin\win64\boost_log-vc100-mt-1_49.dll
0x0000000077c60000 - 0x0000000077c67000 	C:\Windows\system32\PSAPI.DLL
0x000007fefe500000 - 0x000007fefe54d000 	C:\Windows\system32\WS2_32.dll
0x000007fefe2e0000 - 0x000007fefe2e8000 	C:\Windows\system32\NSI.dll
0x000007fefabd0000 - 0x000007fefac03000 	C:\Program Files\MATLAB\R2013a\bin\win64\tbb.dll
0x000007feff7e0000 - 0x000007feff7f9000 	C:\Windows\system32\imagehlp.dll
0x000007fefbf90000 - 0x000007fefbfbc000 	C:\Windows\system32\POWRPROF.dll
0x000007fefe690000 - 0x000007fefe867000 	C:\Windows\system32\SETUPAPI.dll
0x000007fefda50000 - 0x000007fefda86000 	C:\Windows\system32\CFGMGR32.dll
0x000007fefdec0000 - 0x000007fefdf97000 	C:\Windows\system32\OLEAUT32.dll
0x000007fefdfa0000 - 0x000007fefe1a3000 	C:\Windows\system32\ole32.dll
0x000007fefdc70000 - 0x000007fefdc8a000 	C:\Windows\system32\DEVOBJ.dll
0x0000000004100000 - 0x0000000004121000 	C:\Program Files\MATLAB\R2013a\bin\win64\libmwmfl_scalar.dll
0x000007fefadd0000 - 0x000007fefaef5000 	C:\Windows\system32\dbghelp.dll
0x0000000004320000 - 0x000000000464f000 	C:\Program Files\MATLAB\R2013a\bin\win64\libmwservices.dll
0x0000000075a20000 - 0x0000000075b0b000 	C:\Program Files\MATLAB\R2013a\bin\win64\libmx.dll
0x000007fefba10000 - 0x000007fefba38000 	C:\Program Files\MATLAB\R2013a\bin\win64\tbbmalloc.dll
0x000000005a590000 - 0x000000005a5a7000 	C:\Program Files\MATLAB\R2013a\bin\win64\zlib1.dll
0x0000000004130000 - 0x000000000417e000 	C:\Program Files\MATLAB\R2013a\bin\win64\libmwregexp.dll
0x0000000075f10000 - 0x0000000075f57000 	C:\Program Files\MATLAB\R2013a\bin\win64\mpath.dll
0x000000007b680000 - 0x000000007bc66000 	C:\Program Files\MATLAB\R2013a\bin\win64\mlutil.dll
0x00000000754d0000 - 0x0000000075547000 	C:\Program Files\MATLAB\R2013a\bin\win64\xmlcore.dll
0x0000000058630000 - 0x0000000058871000 	C:\Program Files\MATLAB\R2013a\bin\win64\xerces-c_2_7.dll
0x0000000004190000 - 0x00000000041b2000 	C:\Program Files\MATLAB\R2013a\bin\win64\libmwMATLAB_settings_res.dll
0x000007fefba00000 - 0x000007fefba10000 	C:\Program Files\MATLAB\R2013a\bin\win64\boost_iostreams-vc100-mt-1_49.dll
0x000007fefab80000 - 0x000007fefabc6000 	C:\Program Files\MATLAB\R2013a\bin\win64\boost_serialization-vc100-mt-1_49.dll
0x000007fefe870000 - 0x000007feff5f9000 	C:\Windows\system32\SHELL32.dll
0x000007feff830000 - 0x000007feff8a1000 	C:\Windows\system32\SHLWAPI.dll
0x00000000041c0000 - 0x00000000041c6000 	C:\Program Files\MATLAB\R2013a\bin\win64\libmwnativedisplay.dll
0x000007fef6cc0000 - 0x000007fef6d60000 	C:\Windows\WinSxS\amd64_microsoft.windows.common-controls_6595b64144ccf1df_5.82.7601.18201_none_a4d3b9377117c3df\COMCTL32.dll
0x000007feffd10000 - 0x000007feffda7000 	C:\Windows\system32\COMDLG32.dll
0x000007fefb960000 - 0x000007fefb976000 	C:\Windows\system32\NETAPI32.dll
0x000007fefce50000 - 0x000007fefce5c000 	C:\Windows\system32\netutils.dll
0x000007fefd710000 - 0x000007fefd733000 	C:\Windows\system32\srvcli.dll
0x000007fefb940000 - 0x000007fefb955000 	C:\Windows\system32\wkscli.dll
0x0000000074970000 - 0x0000000074a18000 	C:\Program Files\MATLAB\R2013a\bin\win64\mcr.dll
0x0000000075000000 - 0x00000000753b1000 	C:\Program Files\MATLAB\R2013a\bin\win64\iqm.dll
0x0000000074e80000 - 0x0000000074f30000 	C:\Program Files\MATLAB\R2013a\bin\win64\m_dispatcher.dll
0x0000000004650000 - 0x0000000004e58000 	C:\Program Files\MATLAB\R2013a\bin\win64\m_interpreter.dll
0x00000000041d0000 - 0x00000000041f4000 	C:\Program Files\MATLAB\R2013a\bin\win64\libmex.dll
0x0000000075430000 - 0x00000000754ab000 	C:\Program Files\MATLAB\R2013a\bin\win64\profiler.dll
0x0000000004e60000 - 0x00000000050e3000 	C:\Program Files\MATLAB\R2013a\bin\win64\libmwmathutil.dll
0x0000000079f40000 - 0x0000000079f66000 	C:\Program Files\MATLAB\R2013a\bin\win64\libmwmathrng.dll
0x0000000004200000 - 0x0000000004210000 	C:\Program Files\MATLAB\R2013a\bin\win64\libmwmfl_rng.dll
0x0000000074c10000 - 0x0000000074cf8000 	C:\Program Files\MATLAB\R2013a\bin\win64\libmwmathcore.dll
0x0000000076160000 - 0x00000000761c3000 	C:\Program Files\MATLAB\R2013a\bin\win64\libmwspmatrix.dll
0x000000007b0a0000 - 0x000000007b2f6000 	C:\Program Files\MATLAB\R2013a\bin\win64\mcos.dll
0x0000000075ea0000 - 0x0000000075f02000 	C:\Program Files\MATLAB\R2013a\bin\win64\libmwcholmod.dll
0x00000000050f0000 - 0x00000000050fd000 	C:\Program Files\MATLAB\R2013a\bin\win64\libmwamd.dll
0x0000000005110000 - 0x00000000051b3000 	C:\Windows\WinSxS\amd64_microsoft.vc90.crt_1fc8b3b9a1e18e3b_9.0.30729.6161_none_08e61857a83bc251\MSVCR90.dll
0x00000000051c0000 - 0x00000000051cc000 	C:\Program Files\MATLAB\R2013a\bin\win64\libmwcolamd.dll
0x000000007a290000 - 0x000000007a2a3000 	C:\Program Files\MATLAB\R2013a\bin\win64\libmwblas.dll
0x000000007a310000 - 0x000000007a325000 	C:\Program Files\MATLAB\R2013a\bin\win64\libmwbinder.dll
0x00000000051e0000 - 0x00000000051eb000 	C:\Program Files\MATLAB\R2013a\bin\win64\libmwompwrapper.dll
0x0000000075820000 - 0x000000007589e000 	C:\Program Files\MATLAB\R2013a\bin\win64\libmwlapack.dll
0x000000007a1b0000 - 0x000000007a1d0000 	C:\Program Files\MATLAB\R2013a\bin\win64\m_pcodeio.dll
0x0000000079b10000 - 0x0000000079b6c000 	C:\Program Files\MATLAB\R2013a\bin\win64\m_ir.dll
0x0000000078ed0000 - 0x0000000079579000 	C:\Program Files\MATLAB\R2013a\bin\win64\m_parser.dll
0x000000007a2f0000 - 0x000000007a307000 	C:\Program Files\MATLAB\R2013a\bin\win64\ir_xfmr.dll
0x00000000051f0000 - 0x0000000005200000 	C:\Program Files\MATLAB\R2013a\bin\win64\mtok.dll
0x000000007a130000 - 0x000000007a158000 	C:\Program Files\MATLAB\R2013a\bin\win64\m_pcodegen.dll
0x0000000079fb0000 - 0x0000000079fdf000 	C:\Program Files\MATLAB\R2013a\bin\win64\libmwbridge.dll
0x0000000074f40000 - 0x0000000074ff6000 	C:\Program Files\MATLAB\R2013a\bin\win64\udd.dll
0x0000000073cc0000 - 0x0000000073e0e000 	C:\Program Files\MATLAB\R2013a\bin\win64\libmwgui.dll
0x000000007a1d0000 - 0x000000007a1f4000 	C:\Program Files\MATLAB\R2013a\bin\win64\graphics_util.dll
0x000007fef85c0000 - 0x000007fef8678000 	C:\Program Files\MATLAB\R2013a\bin\win64\libtex_base.dll
0x0000000005200000 - 0x0000000005b43000 	C:\Program Files\MATLAB\R2013a\bin\win64\hg.dll
0x0000000076100000 - 0x000000007615a000 	C:\Program Files\MATLAB\R2013a\bin\win64\libmat.dll
0x0000000072d30000 - 0x0000000072f38000 	C:\Program Files\MATLAB\R2013a\bin\win64\hdf5dll.dll
0x0000000075710000 - 0x00000000757d8000 	C:\Program Files\MATLAB\R2013a\bin\win64\jmi.dll
0x0000000005b60000 - 0x0000000005b6e000 	C:\Program Files\MATLAB\R2013a\bin\win64\nativejava_services.dll
0x0000000005b70000 - 0x0000000005bb0000 	C:\Program Files\MATLAB\R2013a\bin\win64\libmwhardcopy.dll
0x0000000075c70000 - 0x0000000075cce000 	C:\Program Files\MATLAB\R2013a\bin\win64\libuij.dll
0x0000000072f50000 - 0x000000007318f000 	C:\Program Files\MATLAB\R2013a\bin\win64\hgdatatypes.dll
0x0000000005bb0000 - 0x0000000005c9b000 	C:\Program Files\MATLAB\R2013a\bin\win64\hgutils.dll
0x0000000005ca0000 - 0x0000000005d4e000 	C:\Program Files\MATLAB\R2013a\bin\win64\udd_mi.dll
0x0000000005d50000 - 0x0000000005d86000 	C:\Program Files\MATLAB\R2013a\bin\win64\libmwgbtutils.dll
0x0000000005d90000 - 0x0000000005da4000 	C:\Program Files\MATLAB\R2013a\bin\win64\libmwgbt.dll
0x0000000005db0000 - 0x000000000607e000 	C:\Program Files\MATLAB\R2013a\bin\win64\uiw.dll
0x0000000006080000 - 0x0000000006089000 	C:\Program Files\MATLAB\R2013a\bin\win64\uinone.dll
0x0000000006090000 - 0x00000000060b6000 	C:\Program Files\MATLAB\R2013a\bin\win64\libmwnativefiledialogs.dll
0x00000000060c0000 - 0x00000000060cc000 	C:\Program Files\MATLAB\R2013a\bin\win64\libmwplatform_res.dll
0x000007fefa5f0000 - 0x000007fefa608000 	C:\Windows\system32\MPR.dll
0x00000000580d0000 - 0x000000005862d000 	C:\Program Files\MATLAB\R2013a\bin\win64\mfc100.dll
0x000007fef6d60000 - 0x000007fef6d67000 	C:\Windows\system32\MSIMG32.dll
0x000007fef7d20000 - 0x000007fef7d91000 	C:\Windows\system32\WINSPOOL.DRV
0x00000000060d0000 - 0x00000000060ed000 	C:\Program Files\MATLAB\R2013a\bin\win64\mwoles05.DLL
0x00000000060f0000 - 0x000000000615c000 	C:\Program Files\MATLAB\R2013a\bin\win64\comcli.dll
0x000000005a1d0000 - 0x000000005a1fb000 	C:\Program Files\MATLAB\R2013a\bin\win64\ATL100.DLL
0x0000000006160000 - 0x000000000616c000 	C:\Program Files\MATLAB\R2013a\bin\win64\mlautoregister.dll
0x0000000006170000 - 0x00000000062c6000 	C:\Program Files\MATLAB\R2013a\bin\win64\mvm.dll
0x000007feff800000 - 0x000007feff82e000 	C:\Windows\system32\IMM32.DLL
0x000007fefddb0000 - 0x000007fefdeb9000 	C:\Windows\system32\MSCTF.dll
0x000007fefc5b0000 - 0x000007fefc606000 	C:\Windows\system32\UxTheme.dll
0x000007fefbc30000 - 0x000007fefbc48000 	C:\Windows\system32\dwmapi.dll
0x000000006e060000 - 0x000000006e06d000 	C:\Program Files\MATLAB\R2013a\bin\win64\MFC100ENU.DLL
0x00000000080f0000 - 0x000000000813e000 	C:\Program Files\MATLAB\R2013a\bin\win64\MVMLocal.dll
0x000007fefd9a0000 - 0x000007fefd9af000 	C:\Windows\system32\profapi.dll

VM Arguments:
jvm_args: -XX:PermSize=32m -Xms64m -XX:NewRatio=3 -XX:MaxPermSize=128m -Xmx196m -XX:MaxDirectMemorySize=2147400000 -Dsun.java2d.noddraw=true -Dsun.awt.nopixfmt=true -Xshare:off -Xrs -Dsun.awt.disableMixing=true -Djava.library.path=C:\Program Files\MATLAB\R2013a\bin\win64;C:\Program Files\MATLAB\R2013a\sys\jxbrowser\win64\lib vfprintf abort -XX:ParallelGCThreads=6 
java_command: <unknown>
Launcher Type: generic

Environment Variables:
PATH=C:\Program Files (x86)\gstreamer-sdk\0.10\x86_64\bin;C:\ProgramData\Oracle\Java\javapath;C:\Windows\system32;C:\Windows;C:\Windows\System32\Wbem;C:\Windows\System32\WindowsPowerShell\v1.0\;C:\Program Files\MATLAB\R2013a\runtime\win64;C:\Program Files\MATLAB\R2013a\bin;C:\Program Files (x86)\MATLAB\R2012a\runtime\win32;C:\Program Files (x86)\MATLAB\R2012a\bin;C:\Program Files\Microsoft Windows Performance Toolkit\;C:\Program Files (x86)\Skype\Phone\
USERNAME=romlig
OS=Windows_NT
PROCESSOR_IDENTIFIER=Intel64 Family 6 Model 60 Stepping 3, GenuineIntel



---------------  S Y S T E M  ---------------

OS: Windows 7 Build 7601 Service Pack 1

CPU:total 8 (8 cores per cpu, 2 threads per core) family 6 model 60 stepping 3, cmov, cx8, fxsr, mmx, sse, sse2, sse3, ssse3, sse4.1, sse4.2, ht

Memory: 4k page, physical 8329340k(2534448k free), swap 16656828k(9242932k free)

vm_info: Java HotSpot(TM) 64-Bit Server VM (14.3-b01) for windows-amd64 JRE (1.6.0_17-b04), built on Oct 11 2009 00:46:08 by "java_re" with MS VC++ 8.0

time: Tue Apr 21 16:40:15 2015
elapsed time: 1172 seconds

